This is pdfeTeXk, Version 3.141592-1.21a-2.2 (Web2C 7.5.4) (format=etex 2006.12.11)  30 JAN 2007 22:41
entering extended mode
 file:line:error style messages enabled.
**/home/fenk/.xemacs/tmp/bbdb/texinfo/bbdb.texinfo
(/home/fenk/.xemacs/tmp/bbdb/texinfo/bbdb.texinfo
(/usr/share/texmf/tex/texinfo/texinfo.tex
Loading texinfo [version 2006-02-13.16]: Basics,
\bindingoffset=\dimen16
\normaloffset=\dimen17
\pagewidth=\dimen18
\pageheight=\dimen19
\outerhsize=\dimen20
\outervsize=\dimen21
\cornerlong=\dimen22
\cornerthick=\dimen23
\topandbottommargin=\dimen24
\headlinebox=\box16
\footlinebox=\box17
\margin=\insert252
\EMsimple=\toks13
\groupbox=\box18
\groupinvalidhelp=\toks14
\mil=\dimen25
\exdentamount=\skip18
\inmarginspacing=\skip19
 pdf,
\tempnum=\count27
\lnkcount=\count28
\filename=\toks15
\filenamelength=\count29
\pgn=\count30
\toksA=\toks16
\toksB=\toks17
\toksC=\toks18
\toksD=\toks19
\boxA=\box19
\countA=\count31
 fonts,
\sffam=\fam8
\textleading=\dimen26
\fontdepth=\count32
 page headings,
\titlepagetopglue=\skip20
\titlepagebottomglue=\skip21
\evenheadline=\toks20
\oddheadline=\toks21
\evenfootline=\toks22
\oddfootline=\toks23

tables,
\tableindent=\dimen27
\itemindent=\dimen28
\itemmargin=\dimen29
\itemmax=\dimen30
\itemno=\count33
\multitableparskip=\skip22
\multitableparindent=\skip23
\multitablecolspace=\dimen31
\multitablelinespace=\skip24
\colcount=\count34
\everytab=\toks24
 conditionals,
\doignorecount=\count35
 indexing,
\secondaryindent=\skip25
\partialpage=\box20
\doublecolumnhsize=\dimen32
 sectioning,
\unnumberedno=\count36
\chapno=\count37
\secno=\count38
\subsecno=\count39
\subsubsecno=\count40
\appendixno=\count41
\absseclevel=\count42
\secbase=\count43
\chapheadingskip=\skip26
\secheadingskip=\skip27
\subsecheadingskip=\skip28
 toc,
\tocfile=\write0
\contentsrightmargin=\skip29
\savepageno=\count44
\lastnegativepageno=\count45
\tocindent=\dimen33
 environments,
\errorbox=\box21
\lispnarrowing=\skip30
\envskipamount=\skip31
\circthick=\dimen34
\cartouter=\dimen35
\cartinner=\dimen36
\normbskip=\skip32
\normpskip=\skip33
\normlskip=\skip34
\lskip=\skip35
\rskip=\skip36
\tabw=\dimen37
 defuns,
\defbodyindent=\skip37
\defargsindent=\skip38
\deflastargmargin=\skip39
\parencount=\count46
\brackcount=\count47
 macros,
\paramno=\count48
\macname=\toks25

cross references,
\auxfile=\write1
\savesfregister=\count49
 insertions,
\footnoteno=\count50
\SAVEfootins=\box22
\SAVEmargin=\box23
 (/usr/share/texmf-tetex/tex/generic/epsf/epsf.tex
\epsffilein=\read1
\epsfframemargin=\dimen38
\epsfframethickness=\dimen39
\epsfrsize=\dimen40
\epsftmp=\dimen41
\epsftsize=\dimen42
\epsfxsize=\dimen43
\epsfysize=\dimen44
\pspoints=\dimen45
\epsfnoopenhelp=\toks26
)
\noepsfhelp=\toks27
 localization,
\nolanghelp=\toks28
\defaultparindent=\dimen46
 and turning on texinfo input format.) (./bbdb.aux)
\openout1 = `bbdb.aux'.

@cpindfile=@write2
@fnindfile=@write3
@vrindfile=@write4
@tpindfile=@write5
@kyindfile=@write6
@pgindfile=@write7
 [1
\openout2 = `bbdb.cp'.

\openout3 = `bbdb.fn'.

\openout4 = `bbdb.vr'.

\openout5 = `bbdb.tp'.

\openout6 = `bbdb.ky'.

\openout7 = `bbdb.pg'.

] [2]
Chapter 1
\openout0 = `bbdb.toc'.


Underfull \hbox (badness 10000) in paragraph at lines 286--287
 

@hbox(0.0+0.0)x55.10045
.@glue(@leftskip) 12.0
.@glue(@rightskip) 0.0


Underfull \hbox (badness 10000) in paragraph at lines 293--294
 

@hbox(0.0+0.0)x55.10045
.@glue(@leftskip) 12.0
.@glue(@rightskip) 0.0


Underfull \hbox (badness 10000) in paragraph at lines 300--301
 

@hbox(0.0+0.0)x55.10045
.@glue(@leftskip) 12.0
.@glue(@rightskip) 0.0


Underfull \hbox (badness 10000) in paragraph at lines 307--308
 

@hbox(0.0+0.0)x55.10045
.@glue(@leftskip) 12.0
.@glue(@rightskip) 0.0


Underfull \hbox (badness 10000) in paragraph at lines 309--310
@texttt bbdb-

@hbox(6.69167+0.0)x82.18594
.@texttt b
.@texttt b
.@texttt d
.@texttt b
.@texttt -
.etc.


Underfull \hbox (badness 10000) in paragraph at lines 314--315
 

@hbox(0.0+0.0)x55.10045
.@glue(@leftskip) 12.0
.@glue(@rightskip) 0.0


Underfull \hbox (badness 10000) in paragraph at lines 321--322
 

@hbox(0.0+0.0)x55.10045
.@glue(@leftskip) 12.0
.@glue(@rightskip) 0.0


Underfull \hbox (badness 10000) in paragraph at lines 328--329
 

@hbox(0.0+0.0)x55.10045
.@glue(@leftskip) 12.0
.@glue(@rightskip) 0.0


Underfull \hbox (badness 10000) in paragraph at lines 335--336
 

@hbox(0.0+0.0)x55.10045
.@glue(@leftskip) 12.0
.@glue(@rightskip) 0.0

[1] [2] [3] [4] [5] [6] [7] [8] [9] [10] [11] [12] [13] [14] [15] [16] [17]
[18] [19] [20]
Overfull \hbox (19.45287pt too wide) detected at line 1903
 @textrm jwz@texttt @@textrm netscape.com 

@hbox(7.31305+2.12917)x66.04842
.@glue 0.0 plus 1.0fil
.@textrm j
.@textrm w
.@textrm z
.@texttt @
.etc.

[21] [22]
Underfull \hbox (badness 2435) in paragraph at lines 2031--2039
[]@texttt bbdb/vm-auto-add-label[] @textrm au-to-mat-i-cally adds la-bels to me
s-sages based on the

@hbox(7.60416+2.12917)x433.62, glue set 2.90186
.@hbox(0.0+0.0)x15.0
.@texttt b
.@texttt b
.@texttt d
.@texttt b
.etc.

[23] [24] [25] [26] [27] [28] [29] [30] [31] [32] [33]
Underfull \hbox (badness 10000) in paragraph at lines 2913--2916
 

@hbox(0.0+0.0)x433.62
.@glue(@leftskip) 57.81621
.@glue(@rightskip) 0.0


Underfull \hbox (badness 10000) in paragraph at lines 2937--2939
 

@hbox(0.0+0.0)x433.62
.@glue(@leftskip) 79.49742
.@glue(@rightskip) 0.0


Underfull \hbox (badness 10000) in paragraph at lines 2939--2941
 

@hbox(0.0+0.0)x433.62
.@glue(@leftskip) 79.49742
.@glue(@rightskip) 0.0


Underfull \hbox (badness 10000) in paragraph at lines 2941--2944
 

@hbox(0.0+0.0)x433.62
.@glue(@leftskip) 79.49742
.@glue(@rightskip) 0.0


Underfull \hbox (badness 10000) in paragraph at lines 2945--2947
 

@hbox(0.0+0.0)x433.62
.@glue(@leftskip) 79.49742
.@glue(@rightskip) 0.0


Underfull \hbox (badness 10000) in paragraph at lines 2951--2954
 

@hbox(0.0+0.0)x433.62
.@glue(@leftskip) 57.81621
.@glue(@rightskip) 0.0

[34] [35] [36] [37] [38] [39]
Underfull \hbox (badness 10000) in paragraph at lines 3422--3424
 @textrm Integer

@hbox(7.48248+2.12917)x82.38885
.@glue(@leftskip) 12.0
.@textrm I
.@textrm n
.@kern-0.30418
.@textrm t
.etc.


Underfull \hbox (badness 10000) in paragraph at lines 3422--3424
 @textrm (amer-i-can)

@hbox(8.2125+2.73749)x82.38885
.@glue(@leftskip) 12.0
.@textrm (
.@textrm a
.@textrm m
.@textrm e
.etc.


Underfull \hbox (badness 10000) in paragraph at lines 3422--3424
 @textrm List (non-

@hbox(8.2125+2.73749)x82.38885, glue set 12.45256
.@glue(@leftskip) 12.0
.@textrm L
.@textrm i
.@textrm s
.@textrm t
.etc.

[40] [41] [42]
Missing character: There is no ß in font cmr10!
 [43] [44] [45] (Concept Index) [46] (./bbdb.cps [47])
(Variable Index) [48] (./bbdb.vrs) [49] (./bbdb.toc [-1]) [-2] ) 
Here is how much of TeX's memory you used:
 1646 strings out of 97342
 19758 string characters out of 1211770
 57280 words of memory out of 1000000
 2737 multiletter control sequences out of 10000+50000
 32127 words of font info for 112 fonts, out of 500000 for 2000
 51 hyphenation exceptions out of 8191
 12i,7n,16p,300b,465s stack positions out of 1500i,500n,5000p,200000b,5000s

Output written on bbdb.dvi (53 pages, 216828 bytes).
