This file contains any messages produced by compilers while
running configure, to aid debugging if configure makes a mistake.

It was created by configure, which was
generated by GNU Autoconf 2.67.  Invocation command line was

  $ ./configure 

## --------- ##
## Platform. ##
## --------- ##

hostname = sb-dm
uname -m = i686
uname -r = 2.6.38-8-generic
uname -s = Linux
uname -v = #42-Ubuntu SMP Mon Apr 11 03:31:50 UTC 2011

/usr/bin/uname -p = unknown
/bin/uname -X     = unknown

/bin/arch              = unknown
/usr/bin/arch -k       = unknown
/usr/convex/getsysinfo = unknown
/usr/bin/hostinfo      = unknown
/bin/machine           = unknown
/usr/bin/oslevel       = unknown
/bin/universe          = unknown

PATH: /usr/local/apache-maven/apache-maven-3.0.3/bin
PATH: /usr/local/texlive/2010/bin/i386-linux
PATH: /usr/local/sbin
PATH: /usr/local/bin
PATH: /usr/sbin
PATH: /usr/bin
PATH: /sbin
PATH: /bin
PATH: /usr/games
PATH: /usr/lib/jvm/java-6-sun/bin
PATH: /home/sb/.cabal/bin
PATH: /usr/local/texlive/2010/bin/i386-linux
PATH: /usr/local/apache-maven/apache-maven-3.0.3/bin
PATH: /usr/local/texlive/2010/bin/i386-linux
PATH: /usr/local/sbin
PATH: /usr/local/bin
PATH: /usr/sbin
PATH: /usr/bin
PATH: /sbin
PATH: /bin
PATH: /usr/games
PATH: /usr/lib/jvm/java-6-sun/bin
PATH: /home/sb/.cabal/bin
PATH: /usr/local/texlive/2010/bin/i386-linux
PATH: /usr/local/apache-maven/apache-maven-3.0.3/bin
PATH: /usr/local/texlive/2010/bin/i386-linux
PATH: /usr/local/sbin
PATH: /usr/local/bin
PATH: /usr/sbin
PATH: /usr/bin
PATH: /sbin
PATH: /bin
PATH: /usr/games
PATH: /usr/lib/jvm/java-6-sun/bin
PATH: /home/sb/.cabal/bin
PATH: /usr/local/texlive/2010/bin/i386-linux
PATH: /usr/local/apache-maven/apache-maven-3.0.3/bin
PATH: /usr/local/texlive/2010/bin/i386-linux
PATH: /usr/local/sbin
PATH: /usr/local/bin
PATH: /usr/sbin
PATH: /usr/bin
PATH: /sbin
PATH: /bin
PATH: /usr/games
PATH: /usr/lib/jvm/java-6-sun/bin
PATH: /home/sb/.cabal/bin
PATH: /usr/local/texlive/2010/bin/i386-linux
PATH: /home/sb/bin
PATH: /usr/local/sbin
PATH: /usr/local/bin
PATH: /usr/sbin
PATH: /usr/bin
PATH: /sbin
PATH: /bin
PATH: /usr/games
PATH: /usr/lib/jvm/java-6-sun/bin
PATH: /usr/lib/jvm/java-6-sun/bin
PATH: /usr/lib/jvm/java-6-sun/bin
PATH: /usr/lib/jvm/java-6-sun/bin


## ----------- ##
## Core tests. ##
## ----------- ##

configure:1745: checking for a BSD-compatible install
configure:1813: result: /usr/bin/install -c
configure:1824: checking whether build environment is sane
configure:1861: result: yes
configure:1923: checking for gawk
configure:1939: found /usr/bin/gawk
configure:1950: result: gawk
configure:1961: checking whether make sets $(MAKE)
configure:1983: result: yes
configure:2161: checking whether to enable maintainer-specific portions of Makefiles
configure:2170: result: no
configure:2195: checking for emacs
configure:2211: found /usr/bin/emacs
configure:2222: result: emacs
configure:2246: checking where .elc files should go
configure:2259: $EMACS -batch -q -eval '(while load-path (princ (concat (car load-path) "\n")) (setq load-path (cdr load-path)))' </dev/null >conftest.out
Loading 00debian-vars...
No /etc/mailname. Reverting to default...
Loading /etc/emacs/site-start.d/20apel.el (source)...
Loading /etc/emacs/site-start.d/50anthy-el.el (source)...
Loading /etc/emacs/site-start.d/50autoconf.el (source)...
Loading /etc/emacs/site-start.d/50cmake-data.el (source)...
Loading /etc/emacs/site-start.d/50dictionaries-common.el (source)...
Loading debian-ispell...
Loading /var/cache/dictionaries-common/emacsen-ispell-default.el (source)...
Loading /var/cache/dictionaries-common/emacsen-ispell-dicts.el (source)...
Loading /etc/emacs/site-start.d/50emacs-intl-fonts.el (source)...
Loading /etc/emacs/site-start.d/50ess.el (source)...
Loading /etc/emacs/site-start.d/50flim.el (source)...
Loading /etc/emacs/site-start.d/50latex-cjk-common.el (source)...
Loading cjk-enc...
Loading /etc/emacs/site-start.d/50latex-cjk-thai.el (source)...
Loading /etc/emacs/site-start.d/50psvn.el (source)...
Loading /etc/emacs/site-start.d/50ruby1.8-elisp.el (source)...
Loading /etc/emacs/site-start.d/50scim-bridge-el.el (source)...
Loading /etc/emacs/site-start.d/50thailatex.el (source)...
Loading /etc/emacs/site-start.d/50uim-el.el (source)...
uim.el: starting uim-el-helper-agent...
uim.el: starting uim-el-helper-agent... done
uim.el: starting uim-el-agent...
uim.el: starting uim-el-agent... done
configure:2262: $? = 0
configure:2275: result: ${datadir}/emacs/site-lisp
configure:2284: checking detecting your emacs type
configure:2301: result: emacs21
configure:2366: checking where icon files should go
configure:2397: result: /usr/share/emacs/23.2/etc/navi2ch/icons
configure:2552: creating ./config.status

## ---------------------- ##
## Running config.status. ##
## ---------------------- ##

This file was extended by config.status, which was
generated by GNU Autoconf 2.67.  Invocation command line was

  CONFIG_FILES    = 
  CONFIG_HEADERS  = 
  CONFIG_LINKS    = 
  CONFIG_COMMANDS = 
  $ ./config.status 

on sb-dm

config.status:757: creating Makefile
config.status:757: creating contrib/Makefile
config.status:757: creating doc/Makefile
config.status:757: creating icons/Makefile
config.status:757: creating test/Makefile
config.status:757: creating navi2ch-config.el

## ---------------- ##
## Cache variables. ##
## ---------------- ##

_cv_icondir=/usr/share/emacs/23.2/etc/navi2ch/icons
ac_cv_env_EMACSLOADPATH_set=
ac_cv_env_EMACSLOADPATH_value=
ac_cv_env_EMACS_set=
ac_cv_env_EMACS_value=
ac_cv_env_build_alias_set=
ac_cv_env_build_alias_value=
ac_cv_env_host_alias_set=
ac_cv_env_host_alias_value=
ac_cv_env_target_alias_set=
ac_cv_env_target_alias_value=
ac_cv_path_install='/usr/bin/install -c'
ac_cv_prog_AWK=gawk
ac_cv_prog_EMACS=emacs
ac_cv_prog_make_make_set=yes
am_cv_lispdir='${datadir}/emacs/site-lisp'

## ----------------- ##
## Output variables. ##
## ----------------- ##

ACLOCAL='${SHELL} /home/sb/projects/navi2ch/missing --run aclocal-1.9'
AMTAR='${SHELL} /home/sb/projects/navi2ch/missing --run tar'
AUTOCONF='${SHELL} /home/sb/projects/navi2ch/missing --run autoconf'
AUTOHEADER='${SHELL} /home/sb/projects/navi2ch/missing --run autoheader'
AUTOMAKE='${SHELL} /home/sb/projects/navi2ch/missing --run automake-1.9'
AWK='gawk'
CYGPATH_W='echo'
DEFS='-DPACKAGE_NAME=\"\" -DPACKAGE_TARNAME=\"\" -DPACKAGE_VERSION=\"\" -DPACKAGE_STRING=\"\" -DPACKAGE_BUGREPORT=\"\" -DPACKAGE_URL=\"\" -DPACKAGE=\"navi2ch\" -DVERSION=\"2.0.0-DEV\"'
ECHO_C=''
ECHO_N='-n'
ECHO_T=''
EMACS='emacs'
EMACSLOADPATH=''
INSTALL_DATA='${INSTALL} -m 644'
INSTALL_PROGRAM='${INSTALL}'
INSTALL_SCRIPT='${INSTALL}'
INSTALL_STRIP_PROGRAM='${SHELL} $(install_sh) -c -s'
LIBOBJS=''
LIBS=''
LTLIBOBJS=''
MAINT='#'
MAINTAINER_MODE_FALSE=''
MAINTAINER_MODE_TRUE='#'
MAKEINFO='${SHELL} /home/sb/projects/navi2ch/missing --run makeinfo'
PACKAGE='navi2ch'
PACKAGE_BUGREPORT=''
PACKAGE_NAME=''
PACKAGE_STRING=''
PACKAGE_TARNAME=''
PACKAGE_URL=''
PACKAGE_VERSION=''
PATH_SEPARATOR=':'
SET_MAKE=''
SHELL='/bin/bash'
STRIP=''
VERSION='2.0.0-DEV'
am__leading_dot='.'
am__tar='${AMTAR} chof - "$$tardir"'
am__untar='${AMTAR} xf -'
bindir='${exec_prefix}/bin'
build_alias=''
datadir='${datarootdir}'
datarootdir='${prefix}/share'
docdir='${datarootdir}/doc/${PACKAGE}'
dvidir='${docdir}'
exec_prefix='${prefix}'
host_alias=''
htmldir='${docdir}'
icondir='/usr/share/emacs/23.2/etc/navi2ch/icons'
includedir='${prefix}/include'
infodir='${datarootdir}/info'
install_sh='/home/sb/projects/navi2ch/install-sh'
libdir='${exec_prefix}/lib'
libexecdir='${exec_prefix}/libexec'
lispdir='${datadir}/emacs/site-lisp'
localedir='${datarootdir}/locale'
localstatedir='${prefix}/var'
mandir='${datarootdir}/man'
mkdir_p='mkdir -p --'
oldincludedir='/usr/include'
packagedir=''
pdfdir='${docdir}'
prefix='/usr/local'
program_transform_name='s,x,x,'
psdir='${docdir}'
sbindir='${exec_prefix}/sbin'
sharedstatedir='${prefix}/com'
sysconfdir='${prefix}/etc'
target_alias=''

## ----------- ##
## confdefs.h. ##
## ----------- ##

/* confdefs.h */
#define PACKAGE_NAME ""
#define PACKAGE_TARNAME ""
#define PACKAGE_VERSION ""
#define PACKAGE_STRING ""
#define PACKAGE_BUGREPORT ""
#define PACKAGE_URL ""
#define PACKAGE "navi2ch"
#define VERSION "2.0.0-DEV"

configure: exit 0
