This is pdfTeX, Version 3.1415926-1.40.10 (TeX Live 2009) (format=pdfetex 2010.4.2)  10 OCT 2010 22:57
entering extended mode
 restricted \write18 enabled.
 file:line:error style messages enabled.
 %&-line parsing enabled.
**/Users/baron/projects/ghub/emacs/.emacs.d/org-mode/doc/org.texi
(/Users/baron/projects/ghub/emacs/.emacs.d/org-mode/doc/org.texi (./texinfo.tex
Loading texinfo [version 2008-04-18.10]:
\bindingoffset=\dimen16
\normaloffset=\dimen17
\pagewidth=\dimen18
\pageheight=\dimen19
\outerhsize=\dimen20
\outervsize=\dimen21
\cornerlong=\dimen22
\cornerthick=\dimen23
\topandbottommargin=\dimen24
\headlinebox=\box16
\footlinebox=\box17
\margin=\insert252
\EMsimple=\toks13
\groupbox=\box18
\groupinvalidhelp=\toks14
\mil=\dimen25
\exdentamount=\skip18
\inmarginspacing=\skip19
 pdf,
\tempnum=\count27
\lnkcount=\count28
\filename=\toks15
\filenamelength=\count29
\pgn=\count30
\toksA=\toks16
\toksB=\toks17
\toksC=\toks18
\toksD=\toks19
\boxA=\box19
\countA=\count31
\nopdfimagehelp=\toks20
 fonts,
\sffam=\fam8
\textleading=\dimen26
\fontdepth=\count32
 page headings,
\titlepagetopglue=\skip20
\titlepagebottomglue=\skip21
\evenheadline=\toks21
\oddheadline=\toks22
\evenfootline=\toks23
\oddfootline=\toks24
 tables,
\tableindent=\dimen27
\itemindent=\dimen28
\itemmargin=\dimen29
\itemmax=\dimen30
\itemno=\count33
\multitableparskip=\skip22
\multitableparindent=\skip23
\multitablecolspace=\dimen31
\multitablelinespace=\skip24
\colcount=\count34
\everytab=\toks25

conditionals,
\doignorecount=\count35
 indexing,
\whatsitskip=\skip25
\whatsitpenalty=\count36
\secondaryindent=\skip26
\partialpage=\box20
\doublecolumnhsize=\dimen32
 sectioning,
\unnumberedno=\count37
\chapno=\count38
\secno=\count39
\subsecno=\count40
\subsubsecno=\count41
\appendixno=\count42
\absseclevel=\count43
\secbase=\count44
\chapheadingskip=\skip27
\secheadingskip=\skip28
\subsecheadingskip=\skip29
 toc,
\tocfile=\write0
\contentsrightmargin=\skip30
\savepageno=\count45
\lastnegativepageno=\count46
\tocindent=\dimen33
 environments,
\errorbox=\box21
\lispnarrowing=\skip31
\envskipamount=\skip32
\circthick=\dimen34
\cartouter=\dimen35
\cartinner=\dimen36
\normbskip=\skip33
\normpskip=\skip34
\normlskip=\skip35
\lskip=\skip36
\rskip=\skip37
\tabw=\dimen37
 defuns,
\defbodyindent=\skip38
\defargsindent=\skip39
\deflastargmargin=\skip40
\defunpenalty=\count47
\parencount=\count48
\brackcount=\count49
 macros,
\paramno=\count50
\macname=\toks26

cross references,
\auxfile=\write1
\savesfregister=\count51
 insertions,
\footnoteno=\count52
\SAVEfootins=\box22
\SAVEmargin=\box23

(/usr/local/texlive/p2009/texmf-dist/tex/generic/epsf/epsf.tex
This is `epsf.tex' v2.7.3 <23 July 2005>
\epsffilein=\read1
\epsfframemargin=\dimen38
\epsfframethickness=\dimen39
\epsfrsize=\dimen40
\epsftmp=\dimen41
\epsftsize=\dimen42
\epsfxsize=\dimen43
\epsfysize=\dimen44
\pspoints=\dimen45
)
\noepsfhelp=\toks27
 localization,
\nolanghelp=\toks28
\countUTFx=\count53
\countUTFy=\count54
\countUTFz=\count55
 formatting,
\defaultparindent=\dimen46
 and turning on texinfo input format.) (./org.aux)
\openout1 = `org.aux'.

@cpindfile=@write2
@fnindfile=@write3
@vrindfile=@write4
@tpindfile=@write5
@kyindfile=@write6
@pgindfile=@write7

[1
\openout2 = `org.cp'.

\openout3 = `org.fn'.

\openout4 = `org.vr'.

\openout5 = `org.tp'.

\openout6 = `org.ky'.

\openout7 = `org.pg'.

{/usr/local/texlive/p2009/texmf-var/fonts/map/pdftex/updmap/pdftex.map}]
[2] (./org.toc [-1] [-2] [-3] [-4] [-5] [-6]) [-7] (./org.toc) (./org.toc)
Chapter 1
\openout0 = `org.toc'.

 [1] [2] [3] Chapter 2 [4] [5] [6] [7] [8] [9] [10] [11] [12] [13]
[14] Chapter 3 [15] [16] [17] [18] [19] [20] [21] [22] [23] [24] [25] [26]
Overfull \hbox (26.43913pt too wide) in paragraph at lines 2556--2556
 []@texttt #+TBLFM: $6=vsum($P1..$P3)::$7=10*$Tot/$max;%.1f::$at=vmean(@-II..@-
I);%.1f[] 

@hbox(7.60416+1.52081)x433.62
.@glue(@leftskip) 28.90755
.@hbox(0.0+0.0)x0.0
.@texttt #
.@texttt +
.@texttt T
.etc.

[27]
Underfull \hbox (badness 10000) in paragraph at lines 2631--2636
[]@textrm Org-Plot can pro-duce 2D and 3D graphs of in-for-ma-tion stored in or
g

@hbox(7.60416+2.12917)x433.62, glue set 5.06303
.@hbox(0.0+0.0)x15.0
.@kern -15.0
.@textrm O
.@textrm r
.@textrm g
.etc.


Underfull \hbox (badness 10000) in paragraph at lines 2631--2636
@textrm ta-bles us-ing `@texttt Gnuplot[]@textrm '[] [][]@texttt http://www.gnu
plot.info/[][][] @textrm and `@texttt gnuplot-mode[]@textrm '[]

@hbox(7.60416+2.43333)x433.62, glue set 9.3503
.@textrm t
.@textrm a
.@discretionary
..@textrm -
.@textrm b
.@textrm l
.etc.


Underfull \hbox (badness 10000) in paragraph at lines 2631--2636
[][]@texttt http://cars9.uchicago.edu/~ravel/software/gnuplot-mode.html[][][]@t
extrm . To see

@hbox(7.60416+2.43333)x433.62, glue set 7.72134
.@pdfliteral{0.28 1 1 0.35 k}
.@pdfstartlink(*+*)x* attr{/Border [0 0 0]} action user{/Subtype /Link /A << /S
 /URI /URI (http://cars9.uchicago.edu/~ravel/s@ETC.}


Overfull \hbox (43.6852pt too wide) in paragraph at lines 2639--2639
 []@texttt #+PLOT: title:"Citas" ind:1 deps:(3) type:2d with:histograms set:"yr
ange [0:]"[] 

@hbox(7.60416+2.43333)x433.62
.@glue(@leftskip) 28.90755
.@hbox(0.0+0.0)x0.0
.@texttt #
.@texttt +
.@texttt P
.etc.

[28] Chapter 4 [29] [30]
Overfull \hbox (23.79517pt too wide) in paragraph at lines 2865--2865
 []@texttt docview:papers/last.pdf::NNN              @textrm open file in doc-v
iew mode at page NNN[] 

@hbox(7.60416+2.43333)x433.62, glue set - 1.0
.@glue(@leftskip) 28.90755
.@hbox(0.0+0.0)x0.0
.@texttt d
.@texttt o
.@texttt c
.etc.

[31] [32] [33] [34]
Overfull \hbox (34.70744pt too wide) in paragraph at lines 3147--3147
 []    @smalltt ("ads"      . "http://adsabs.harvard.edu/cgi-bin/nph-abs_connec
t?author=%s&db_key=AST")))[] 

@hbox(6.25+2.0)x433.62
.@glue(@leftskip) 28.90755
.@hbox(0.0+0.0)x0.0
.@penalty 10000
.@glue 4.72495
.@penalty 10000
.etc.

[35] Chapter 5 [36] [37] [38] [39] [40]
Underfull \hbox (badness 3019) in paragraph at lines 3644--3648
@textrm [Check-boxes], page 46[][]). If you set the vari-able @texttt org-enfor
ce-todo-checkbox-

@hbox(8.2125+2.73749)x433.62, glue set 3.11716
.@textrm [
.@textrm C
.@textrm h
.@textrm e
.@textrm c
.etc.

[41] [42] [43] [44] [45]
Overfull \hbox (14.94176pt too wide) in paragraph at lines 3988--3988
 []  @texttt "Switch entry to DONE when all subentries are done, to TODO otherw
ise."[] 

@hbox(6.69167+2.43333)x433.62
.@glue(@leftskip) 28.90755
.@hbox(0.0+0.0)x0.0
.@penalty 10000
.@glue 5.74869
.@penalty 10000
.etc.

[46] [47] Chapter 6 [48] [49] [50] [51] Chapter 7 [52] [53] [54] [55] [56]
[57] [58] [59] Chapter 8 [60] [61] [62] [63] [64] [65] [66] [67] [68]
Overfull \hbox (14.9896pt too wide) in paragraph at lines 5640--5640
 []             @texttt tree@textttsl N      @textrm the sur-round-ing level @t
extsl N @textrm tree, for ex-am-ple @texttt tree3[][] 

@hbox(7.60416+2.12917)x433.62, glue set - 1.0
.@glue(@leftskip) 86.72375
.@hbox(0.0+0.0)x0.0
.@penalty 10000
.@glue 5.74869
.@penalty 10000
.etc.


Overfull \hbox (12.32259pt too wide) in paragraph at lines 5645--5645
 []             @texttt agenda-with-archives  @textrm all agenda files, in-clud
-ing archives[] 

@hbox(7.60416+2.43333)x433.62, glue set - 1.0
.@glue(@leftskip) 86.72375
.@hbox(0.0+0.0)x0.0
.@penalty 10000
.@glue 5.74869
.@penalty 10000
.etc.

[69]
Overfull \hbox (44.6267pt too wide) in paragraph at lines 5669--5669
 []@texttt :timestamp   @textrm A time-stamp for the en-try, when avail-able.  
Look for SCHEDULED,[] 

@hbox(7.60416+2.43333)x433.62, glue set - 1.0
.@glue(@leftskip) 86.72375
.@hbox(0.0+0.0)x0.0
.@texttt :
.@texttt t
.@texttt i
.etc.


Overfull \hbox (33.14143pt too wide) in paragraph at lines 5670--5670
 []             @textrm DEAD-LINE, TIME-STAMP and TIME-STAMP[]IA, in this order
.[] 

@hbox(7.60416+2.12917)x433.62, glue set - 1.0
.@glue(@leftskip) 86.72375
.@hbox(0.0+0.0)x0.0
.@penalty 10000
.@glue 5.74869
.@penalty 10000
.etc.


Overfull \hbox (26.76846pt too wide) in paragraph at lines 5675--5675
 []@texttt #+BEGIN: clocktable :maxlevel 2 :block today :scope tree1 :link t[] 


@hbox(6.69167+2.43333)x433.62
.@glue(@leftskip) 86.72375
.@hbox(0.0+0.0)x0.0
.@texttt #
.@texttt +
.@texttt B
.etc.

[70] [71]
Overfull \hbox (20.69044pt too wide) in paragraph at lines 5816--5816
 []@texttt #+PROPERTY: Effort_ALL 0 0:10 0:30 1:00 2:00 3:00 4:00 5:00 6:00 7:0
0 8:00[] 

@hbox(6.69167+1.04173)x433.62
.@glue(@leftskip) 28.90755
.@hbox(0.0+0.0)x0.0
.@texttt #
.@texttt +
.@texttt P
.etc.

[72] Chapter 9 [73]
Underfull \hbox (badness 5490) in paragraph at lines 5914--5919
[]@textrm Org's method for cap-tur-ing new items is heav-ily in-spired by John 
Wieg-ley

@hbox(7.60416+2.12917)x433.62, glue set 3.8015
.@hbox(0.0+0.0)x15.0
.@kern -15.0
.@textrm O
.@textrm r
.@textrm g
.etc.

[74] [75] [76] [77] [78] [79] [80] [81] Chapter 10 [82] [83] [84] [85] [86]
Underfull \hbox (badness 7291) in paragraph at lines 6962--6972
 @textrm the vari-ables @texttt org-agenda-todo-ignore-scheduled[]@textrm , @te
xttt org-agenda-todo-ignore-

@hbox(7.60416+2.43333)x433.62, glue set 4.18106
.@glue(@leftskip) 21.68121
.@textrm t
.@textrm h
.@textrm e
.@glue 3.65 plus 1.825 minus 1.21666
.etc.

[87] [88] [89] [90] [91] [92] [93] [94] [95]
Overfull \hbox (15.27109pt too wide) in paragraph at lines 7656--7656
 []                             @texttt "-c1" "-q" "-t1" "mail.gnu.org")))[] 

@hbox(7.60416+2.43333)x433.62
.@glue(@leftskip) 86.72375
.@hbox(0.0+0.0)x0.0
.@penalty 10000
.@glue 5.74869
.@penalty 10000
.etc.


Overfull \hbox (49.76321pt too wide) in paragraph at lines 7662--7662
 []@texttt (setq org-agenda-auto-exclude-function ^^Morg-my-auto-exclude-functi
on)[] 

@hbox(7.60416+2.43333)x433.62
.@glue(@leftskip) 86.72375
.@hbox(0.0+0.0)x0.0
.@texttt (
.@texttt s
.@texttt e
.etc.

[96] [97] [98] [99] [100] [101] [102] [103] [104] Chapter 11 [105] [106]
[107] [108]
Overfull \hbox (26.43913pt too wide) in paragraph at lines 8696--8696
 []@texttt In line [[(sc)]] we remember the current position.  [[(jump)][Line (
jump)]][] 

@hbox(7.60416+2.43333)x433.62
.@glue(@leftskip) 28.90755
.@hbox(0.0+0.0)x0.0
.@texttt I
.@texttt n
.@penalty 10000
.etc.

[109] [110] [111] [112] [113] Chapter 12 [114]
Overfull \hbox (14.94176pt too wide) in paragraph at lines 9179--9179
 []@texttt #+LANGUAGE:    lan-guage for HTML, e.g. `en[]'[] (org-export-default
-language[])[] 

@hbox(7.60416+2.43333)x433.62
.@glue(@leftskip) 28.90755
.@hbox(0.0+0.0)x0.0
.@texttt #
.@texttt +
.@texttt L
.etc.


Overfull \hbox (26.43913pt too wide) in paragraph at lines 9183--9183
 []@texttt #+BIND:        lisp-var lisp-val, e.g.: org-export-latex-low-levels 
itemize[] 

@hbox(6.69167+2.43333)x433.62
.@glue(@leftskip) 28.90755
.@hbox(0.0+0.0)x0.0
.@texttt #
.@texttt +
.@texttt B
.etc.

[115]
Overfull \hbox (13.54514pt too wide) in paragraph at lines 9184--9184
 []               @textrm You need to con-firm us-ing these, or con-fig-ure @te
xttt org-export-allow-BIND[][] 

@hbox(7.60416+2.43333)x433.62, glue set - 1.0
.@glue(@leftskip) 28.90755
.@hbox(0.0+0.0)x0.0
.@penalty 10000
.@glue 5.74869
.@penalty 10000
.etc.


Overfull \hbox (14.94176pt too wide) in paragraph at lines 9187--9187
 []@texttt #+LATEX_HEADER: extra line(s) for the LaTeX header, like \usepackage
{xyz}[] 

@hbox(7.60416+2.43333)x433.62
.@glue(@leftskip) 28.90755
.@hbox(0.0+0.0)x0.0
.@texttt #
.@texttt +
.@texttt L
.etc.


Overfull \hbox (49.43388pt too wide) in paragraph at lines 9190--9190
 []@texttt #+XSLT:        the XSLT stylesheet used by DocBook exporter to gener
ate FO file[] 

@hbox(6.69167+2.43333)x433.62
.@glue(@leftskip) 28.90755
.@hbox(0.0+0.0)x0.0
.@texttt #
.@texttt +
.@texttt X
.etc.

[116] [117] [118] [119] [120] [121] [122]
Underfull \hbox (badness 2837) in paragraph at lines 9839--9841
[][][]@smallrm Into which the val-ues of @smalltt org-export-latex-default-pack
ages-alist[] @smallrm and @smalltt org-export-latex-

@hbox(9.34993+2.0)x433.62, glue set 3.05295
.@hbox(0.0+0.0)x15.0
.@hbox(8.3344+0.0)x0.0, glue set - 13.09723fil
..@glue 0.0 plus 1.0fil minus 1.0fil
..@mathon
..@hbox(4.51111+0.0)x8.47226, shifted -3.82329
...@sevenrm 1
...@sevenrm 3
..@mathoff
..@kern 4.62497
.@vbox(9.34993+0.0)x0.0
.@smallrm I
.@smallrm n
.etc.

[123] [124] [125]
Overfull \hbox (58.33217pt too wide) in paragraph at lines 10034--10034
 []@smalltt #+COLUMNS: %35ITEM %10BEAMER_env(Env) %10BEAMER_envargs(Args) %4BEA
MER_col(Col) %8BEAMER_extra(Ex)[] 

@hbox(6.25+2.0)x433.62
.@glue(@leftskip) 28.90755
.@hbox(0.0+0.0)x0.0
.@smalltt #
.@smalltt +
.@smalltt C
.etc.

[126] [127] [128] [129]
Underfull \hbox (badness 2564) in paragraph at lines 10299--10308
[]@textrm Create your tasks as you usu-ally do with Org-mode. As-sign ef-forts 
to each

@hbox(7.60416+2.12917)x433.62, glue set 2.95
.@hbox(0.0+0.0)x15.0
.@kern -15.0
.@textrm C
.@textrm r
.@textrm e
.etc.


Underfull \hbox (badness 6001) in paragraph at lines 10299--10308
@textrm task us-ing prop-er-ties (it's eas-i-est to do this in the col-umn view
). You

@hbox(8.2125+2.73749)x433.62, glue set 3.91666
.@textrm t
.@textrm a
.@textrm s
.@textrm k
.@glue 3.65 plus 1.825 minus 1.21666
.etc.


Underfull \hbox (badness 7047) in paragraph at lines 10299--10308
@textrm should end up with some-thing sim-i-lar to the ex-am-ple by Pe-ter Jone
s in

@hbox(7.60416+2.12917)x433.62, glue set 4.13333
.@textrm s
.@textrm h
.@textrm o
.@textrm u
.@textrm l
.etc.


Overfull \hbox (173.03389pt too wide) in paragraph at lines 10299--10308
[][]@texttt http://www.contextualdevelopment.com/static/artifacts/articles/2008
/project-planning/project-planning.org[][][]@textrm .

@hbox(7.60416+2.43333)x433.62
.@pdfliteral{0.28 1 1 0.35 k}
.@pdfstartlink(*+*)x* attr{/Border [0 0 0]} action user{/Subtype /Link /A << /S
 /URI /URI (http://www.contextualdevelopment.c@ETC.}

[130]
Underfull \hbox (badness 10000) in paragraph at lines 10391--10393
[]@textrm For more in-for-ma-tion and ex-am-ples see the Org-taskjuggler tu-to-
rial at

@hbox(7.60416+2.12917)x433.62, glue set 4.86267
.@hbox(0.0+0.0)x15.0
.@textrm F
.@kern-0.91252
.@textrm o
.@textrm r
.etc.

[131] Chapter 13 [132] [133] [134] [135]
Underfull \hbox (badness 2119) in paragraph at lines 10777--10786
[]@textrm To cre-ate a link from one Org file to an-other, you would use some-t
hing like

@hbox(7.60416+2.12917)x433.62, glue set 2.76958
.@hbox(0.0+0.0)x15.0
.@kern -15.0
.@textrm T
.@kern-0.91252
.@textrm o
.etc.

[136] [137] [138] Chapter 14 [139] [140] [141] [142] [143] [144] [145] [146]
[147] [148] [149] [150] [151] [152] [153] [154] [155] [156] [157] Chapter 15
[158] [159] [160] [161] [162] [163] [164] [165] [166]
Underfull \hbox (badness 10000) in paragraph at lines 13042--13042
 @textbf Speed

@hbox(7.60416+2.12917)x43.36464
.@glue(@leftskip) 12.0
.@textbf S
.@textbf p
.@kern0.30417
.@textbf e
.etc.

[167]
Underfull \hbox (badness 5147) in paragraph at lines 13139--13146
 []@textrm Complex ASCII ta-bles with au-to-matic line wrap-ping, column- and

@hbox(7.60416+2.12917)x433.62, glue set 3.72205
.@glue(@leftskip) 57.81621
.@hbox(0.0+0.0)x0.0
.@textrm C
.@textrm o
.@textrm m
.etc.

[168]
Overfull \hbox (26.76846pt too wide) in paragraph at lines 13222--13222
 []            @texttt (define-key yas/keymap [tab] ^^Myas/next-field-group)))[
] 

@hbox(7.60416+2.43333)x433.62
.@glue(@leftskip) 86.72375
.@hbox(0.0+0.0)x0.0
.@penalty 10000
.@glue 5.74869
.@penalty 10000
.etc.

[169] Appendix A [170] [171] [172] [173] [174] [175]
Underfull \hbox (badness 5203) in paragraph at lines 13641--13649
 @textrm num-bers and for-mats, for ex-am-ple @texttt :efmt (2 "$%s\\times10^{%
s}$" 4

@hbox(7.60416+2.12917)x433.62, glue set 3.73413
.@glue(@leftskip) 57.81621
.@textrm n
.@kern-0.30418
.@textrm u
.@discretionary replacing 2
..@textrm m
..@textrm -
.etc.

[176] [177] [178] [179] [180] [181] [182] [183] Appendix B [184] [185]
Appendix C [186] [187]
Missing character: There is no Ã in font cmti10!
Missing character: There is no ¶ in font cmti10!
 [188] [189]
Underfull \hbox (badness 10000) in paragraph at lines 14572--14575
 []@textrm Linking to VM/BBDB/Gnus was first in-spired by @textit Tom Shan-non@
textrm 's

@hbox(8.2125+2.73749)x433.62, glue set 6.49681
.@glue(@leftskip) 21.68121
.@hbox(4.86667+0.0)x0.0, glue set - 12.70244fil
..@glue 0.0 plus 1.0fil minus 1.0fil
..@mathon
..@textsy ^^O
..@mathoff
..@kern 7.22743
.@textrm L
.@textrm i
.@textrm n
.etc.

(Concept index) [190] (./org.cps [191] [192] [193] [194] [195] [196])
(Key index) [197] (./org.kys [198] [199] [200] [201])
(Command and function index) [202] (./org.fns) (Variable index) [203]
(./org.vrs [204] [205]) [206] ) 
Here is how much of TeX's memory you used:
 3248 strings out of 495586
 45478 string characters out of 3165586
 126503 words of memory out of 3000000
 4065 multiletter control sequences out of 15000+200000
 32127 words of font info for 112 fonts, out of 3000000 for 9000
 886 hyphenation exceptions out of 8191
 16i,6n,17p,314b,1054s stack positions out of 5000i,500n,10000p,200000b,50000s
</usr/local/texlive/p2009/texmf-dist/fonts/type1
/public/amsfonts/cm/cmb10.pfb></usr/local/texlive/p2009/texmf-dist/fonts/type1/
public/amsfonts/cm/cmbx12.pfb></usr/local/texlive/p2009/texmf-dist/fonts/type1/
public/amsfonts/cm/cmmi10.pfb></usr/local/texlive/p2009/texmf-dist/fonts/type1/
public/amsfonts/cm/cmmi12.pfb></usr/local/texlive/p2009/texmf-dist/fonts/type1/
public/amsfonts/cm/cmmi9.pfb></usr/local/texlive/p2009/texmf-dist/fonts/type1/p
ublic/amsfonts/cm/cmr10.pfb></usr/local/texlive/p2009/texmf-dist/fonts/type1/pu
blic/amsfonts/cm/cmr7.pfb></usr/local/texlive/p2009/texmf-dist/fonts/type1/publ
ic/amsfonts/cm/cmr9.pfb></usr/local/texlive/p2009/texmf-dist/fonts/type1/public
/amsfonts/cm/cmsl10.pfb></usr/local/texlive/p2009/texmf-dist/fonts/type1/public
/amsfonts/cm/cmsl9.pfb></usr/local/texlive/p2009/texmf-dist/fonts/type1/public/
amsfonts/cm/cmsltt10.pfb></usr/local/texlive/p2009/texmf-dist/fonts/type1/publi
c/amsfonts/cm/cmsy10.pfb></usr/local/texlive/p2009/texmf-dist/fonts/type1/publi
c/amsfonts/cm/cmti10.pfb></usr/local/texlive/p2009/texmf-dist/fonts/type1/publi
c/amsfonts/cm/cmti9.pfb></usr/local/texlive/p2009/texmf-dist/fonts/type1/public
/amsfonts/cm/cmtt10.pfb></usr/local/texlive/p2009/texmf-dist/fonts/type1/public
/amsfonts/cm/cmtt12.pfb></usr/local/texlive/p2009/texmf-dist/fonts/type1/public
/amsfonts/cm/cmtt9.pfb>
Output written on org.pdf (215 pages, 1418971 bytes).
PDF statistics:
 4355 PDF objects out of 5155 (max. 8388607)
 480 named destinations out of 1000 (max. 500000)
 2125 words of extra memory for PDF output out of 10000 (max. 10000000)

