This is pdfTeX, Version 3.1415926-1.40.10 (TeX Live 2009) (format=pdftex 2010.4.2)  10 OCT 2010 22:57
entering extended mode
 restricted \write18 enabled.
 %&-line parsing enabled.
**orgcard_letter.tex
(./orgcard_letter.tex
\columnsperpage=\count27
\letterpaper=\count28
 (./pdflayout.sty
(/usr/local/texlive/p2009/texmf-dist/tex/generic/oberdiek/ifpdf.sty
Package: ifpdf 2009/04/10 v2.0 Provides the ifpdf switch (HO)
Package ifpdf Info: pdfTeX in pdf mode detected.
))
\intercolumnskip=\dimen16
\columna=\box16
\columnb=\box17

[3 columns per page]
\keyindent=\dimen17
\metaxbox=\box18
\metaxwidth=\dimen18
 [1{/usr/local/texlive/p2009/texmf-var/fonts/map/pdftex/updmap/pdftex.map}] [2]
 )</usr/local/texlive/p2009/texmf-dist/fonts/type1/public/amsfonts/cm/cmbx10.pf
b></usr/local/texlive/p2009/texmf-dist/fonts/type1/public/amsfonts/cm/cmbx8.pfb
></usr/local/texlive/p2009/texmf-dist/fonts/type1/public/amsfonts/cm/cmr6.pfb><
/usr/local/texlive/p2009/texmf-dist/fonts/type1/public/amsfonts/cm/cmr7.pfb></u
sr/local/texlive/p2009/texmf-dist/fonts/type1/public/amsfonts/cm/cmr8.pfb></usr
/local/texlive/p2009/texmf-dist/fonts/type1/public/amsfonts/cm/cmsy6.pfb></usr/
local/texlive/p2009/texmf-dist/fonts/type1/public/amsfonts/cm/cmsy8.pfb></usr/l
ocal/texlive/p2009/texmf-dist/fonts/type1/public/amsfonts/cm/cmti8.pfb></usr/lo
cal/texlive/p2009/texmf-dist/fonts/type1/public/amsfonts/cm/cmtt8.pfb>
Output written on orgcard_letter.pdf (2 pages, 132118 bytes).
PDF statistics:
 45 PDF objects out of 1000 (max. 8388607)
 0 named destinations out of 1000 (max. 500000)
 1 words of extra memory for PDF output out of 10000 (max. 10000000)

