This is pdfTeX, Version 3.1415926-1.40.10 (TeX Live 2009) (format=pdfetex 2010.4.2)  10 OCT 2010 22:57
entering extended mode
 restricted \write18 enabled.
 file:line:error style messages enabled.
 %&-line parsing enabled.
**/Users/baron/projects/ghub/emacs/.emacs.d/org-mode/doc/orgguide.texi
(/Users/baron/projects/ghub/emacs/.emacs.d/org-mode/doc/orgguide.texi
(./texinfo.tex Loading texinfo [version 2008-04-18.10]:
\bindingoffset=\dimen16
\normaloffset=\dimen17
\pagewidth=\dimen18
\pageheight=\dimen19
\outerhsize=\dimen20
\outervsize=\dimen21
\cornerlong=\dimen22
\cornerthick=\dimen23
\topandbottommargin=\dimen24
\headlinebox=\box16
\footlinebox=\box17
\margin=\insert252
\EMsimple=\toks13
\groupbox=\box18
\groupinvalidhelp=\toks14
\mil=\dimen25
\exdentamount=\skip18
\inmarginspacing=\skip19
 pdf,
\tempnum=\count27
\lnkcount=\count28
\filename=\toks15
\filenamelength=\count29
\pgn=\count30
\toksA=\toks16
\toksB=\toks17
\toksC=\toks18
\toksD=\toks19
\boxA=\box19
\countA=\count31
\nopdfimagehelp=\toks20
 fonts,
\sffam=\fam8
\textleading=\dimen26
\fontdepth=\count32

page headings,
\titlepagetopglue=\skip20
\titlepagebottomglue=\skip21
\evenheadline=\toks21
\oddheadline=\toks22
\evenfootline=\toks23
\oddfootline=\toks24
 tables,
\tableindent=\dimen27
\itemindent=\dimen28
\itemmargin=\dimen29
\itemmax=\dimen30
\itemno=\count33
\multitableparskip=\skip22
\multitableparindent=\skip23
\multitablecolspace=\dimen31
\multitablelinespace=\skip24
\colcount=\count34
\everytab=\toks25
 conditionals,
\doignorecount=\count35
 indexing,
\whatsitskip=\skip25
\whatsitpenalty=\count36
\secondaryindent=\skip26
\partialpage=\box20
\doublecolumnhsize=\dimen32
 sectioning,
\unnumberedno=\count37
\chapno=\count38
\secno=\count39
\subsecno=\count40
\subsubsecno=\count41
\appendixno=\count42
\absseclevel=\count43
\secbase=\count44
\chapheadingskip=\skip27
\secheadingskip=\skip28
\subsecheadingskip=\skip29
 toc,
\tocfile=\write0
\contentsrightmargin=\skip30
\savepageno=\count45
\lastnegativepageno=\count46
\tocindent=\dimen33
 environments,
\errorbox=\box21
\lispnarrowing=\skip31
\envskipamount=\skip32
\circthick=\dimen34
\cartouter=\dimen35
\cartinner=\dimen36
\normbskip=\skip33
\normpskip=\skip34
\normlskip=\skip35
\lskip=\skip36
\rskip=\skip37
\tabw=\dimen37

defuns,
\defbodyindent=\skip38
\defargsindent=\skip39
\deflastargmargin=\skip40
\defunpenalty=\count47
\parencount=\count48
\brackcount=\count49
 macros,
\paramno=\count50
\macname=\toks26
 cross references,
\auxfile=\write1
\savesfregister=\count51
 insertions,
\footnoteno=\count52
\SAVEfootins=\box22
\SAVEmargin=\box23

(/usr/local/texlive/p2009/texmf-dist/tex/generic/epsf/epsf.tex
This is `epsf.tex' v2.7.3 <23 July 2005>
\epsffilein=\read1
\epsfframemargin=\dimen38
\epsfframethickness=\dimen39
\epsfrsize=\dimen40
\epsftmp=\dimen41
\epsftsize=\dimen42
\epsfxsize=\dimen43
\epsfysize=\dimen44
\pspoints=\dimen45
)
\noepsfhelp=\toks27
 localization,
\nolanghelp=\toks28
\countUTFx=\count53
\countUTFy=\count54
\countUTFz=\count55
 formatting,
\defaultparindent=\dimen46
 and turning on texinfo input format.)
(./orgguide.aux)
\openout1 = `orgguide.aux'.

@cpindfile=@write2
@fnindfile=@write3
@vrindfile=@write4
@tpindfile=@write5
@kyindfile=@write6
@pgindfile=@write7
 [1
\openout2 = `orgguide.cp'.

\openout3 = `orgguide.fn'.

\openout4 = `orgguide.vr'.

\openout5 = `orgguide.tp'.

\openout6 = `orgguide.ky'.

\openout7 = `orgguide.pg'.

{/usr/local/texlive/p2009/texmf-var/fonts/map/pdftex/updmap/pdftex.map}] [2] (.
/orgguide.toc) [-1] Chapter 1
\openout0 = `orgguide.toc'.


Overfull \hbox (20.53261pt too wide) in paragraph at lines 304--304
 []@smalltt (add-hook ^^Morg-mode-hook ^^Mturn-on-font-lock) ; not needed when 
global-font-lock-mode is on[] 

@hbox(6.25+2.0)x433.62
.@glue(@leftskip) 28.90755
.@hbox(0.0+0.0)x0.0
.@smalltt (
.@smalltt a
.@smalltt d
.etc.

Chapter 2 [1] [2] [3] [4] Chapter 3 [5] [6] Chapter 4 [7] [8] Chapter 5
[9] [10] [11] [12] Chapter 6 [13] [14] Chapter 7 [15] Chapter 8 [16] [17]
[18] Chapter 9 [19] [20] [21] Chapter 10 [22] [23] [24] [25] [26] Chapter 11
[27] [28] [29] Chapter 12 [30] [31] Chapter 13 [32] Chapter 14 [33] [34]
Chapter 15 [35] [36] ) 
Here is how much of TeX's memory you used:
 2066 strings out of 495586
 26825 string characters out of 3165586
 67854 words of memory out of 3000000
 3258 multiletter control sequences out of 15000+200000
 32127 words of font info for 112 fonts, out of 3000000 for 9000
 886 hyphenation exceptions out of 8191
 14i,6n,17p,597b,505s stack positions out of 5000i,500n,10000p,200000b,50000s
</usr/local/texlive/p2009/texmf-dist/fonts/type1/public/a
msfonts/cm/cmb10.pfb></usr/local/texlive/p2009/texmf-dist/fonts/type1/public/am
sfonts/cm/cmbx12.pfb></usr/local/texlive/p2009/texmf-dist/fonts/type1/public/am
sfonts/cm/cmmi12.pfb></usr/local/texlive/p2009/texmf-dist/fonts/type1/public/am
sfonts/cm/cmr10.pfb></usr/local/texlive/p2009/texmf-dist/fonts/type1/public/ams
fonts/cm/cmr12.pfb></usr/local/texlive/p2009/texmf-dist/fonts/type1/public/amsf
onts/cm/cmr7.pfb></usr/local/texlive/p2009/texmf-dist/fonts/type1/public/amsfon
ts/cm/cmr9.pfb></usr/local/texlive/p2009/texmf-dist/fonts/type1/public/amsfonts
/cm/cmsl10.pfb></usr/local/texlive/p2009/texmf-dist/fonts/type1/public/amsfonts
/cm/cmsltt10.pfb></usr/local/texlive/p2009/texmf-dist/fonts/type1/public/amsfon
ts/cm/cmsy10.pfb></usr/local/texlive/p2009/texmf-dist/fonts/type1/public/amsfon
ts/cm/cmti10.pfb></usr/local/texlive/p2009/texmf-dist/fonts/type1/public/amsfon
ts/cm/cmti9.pfb></usr/local/texlive/p2009/texmf-dist/fonts/type1/public/amsfont
s/cm/cmtt10.pfb></usr/local/texlive/p2009/texmf-dist/fonts/type1/public/amsfont
s/cm/cmtt9.pfb>
Output written on orgguide.pdf (39 pages, 360340 bytes).
PDF statistics:
 447 PDF objects out of 1000 (max. 8388607)
 121 named destinations out of 1000 (max. 500000)
 13 words of extra memory for PDF output out of 10000 (max. 10000000)

