This file contains any messages produced by compilers while
running configure, to aid debugging if configure makes a mistake.

It was created by configure, which was
generated by GNU Autoconf 2.69.  Invocation command line was

  $ ./configure --with-emacs=/Applications/Emacs.app/Contents/MacOS/Emacs --with-lispdir=~/emacs.d/site-lisp

## --------- ##
## Platform. ##
## --------- ##

hostname = sbmba
uname -m = x86_64
uname -r = 12.4.0
uname -s = Darwin
uname -v = Darwin Kernel Version 12.4.0: Wed May  1 17:57:12 PDT 2013; root:xnu-2050.24.15~1/RELEASE_X86_64

/usr/bin/uname -p = i386
/bin/uname -X     = unknown

/bin/arch              = unknown
/usr/bin/arch -k       = unknown
/usr/convex/getsysinfo = unknown
/usr/bin/hostinfo      = Mach kernel version:
	 Darwin Kernel Version 12.4.0: Wed May  1 17:57:12 PDT 2013; root:xnu-2050.24.15~1/RELEASE_X86_64
Kernel configured for up to 4 processors.
2 processors are physically available.
4 processors are logically available.
Processor type: i486 (Intel 80486)
Processors active: 0 1 2 3
Primary memory available: 4.00 gigabytes
Default processor set: 240 tasks, 1450 threads, 4 processors
Load average: 4.57, Mach factor: 1.14
/bin/machine           = unknown
/usr/bin/oslevel       = unknown
/bin/universe          = unknown

PATH: /Users/baron/.rvm/gems/ruby-1.9.3-p194/bin
PATH: /Users/baron/.rvm/gems/ruby-1.9.3-p194@global/bin
PATH: /Users/baron/.rvm/rubies/ruby-1.9.3-p194/bin
PATH: /Users/baron/.rvm/bin
PATH: /usr/local/Cellar/go/1.0.3/bin
PATH: /usr/local/Cellar/ruby/1.9.2-p290/bin
PATH: /usr/local/texlive/2011/bin/universal-darwin
PATH: /usr/local/mysql/bin
PATH: /usr/local/apache-maven/apache-maven-3.0.3/bin
PATH: /usr/local/texlive/2010/bin/i386-linux
PATH: /usr/local/sbin
PATH: /usr/local/bin
PATH: /usr/sbin
PATH: /usr/bin
PATH: /sbin
PATH: /bin
PATH: /usr/games
PATH: /usr/lib/jvm/java-6-sun/bin
PATH: /home/sb/.cabal/bin
PATH: /usr/local/texlive/2010/bin/i386-linux
PATH: /home/sb/bin
PATH: /usr/local/sbin
PATH: /usr/local/bin
PATH: /usr/sbin
PATH: /usr/bin
PATH: /sbin
PATH: /bin
PATH: /usr/games
PATH: /usr/lib/jvm/java-6-sun/bin
PATH: /home/sb/android-sdk/tools
PATH: /home/sb/android-sdk/platform-tools
PATH: /Users/baron/.rvm/bin


## ----------- ##
## Core tests. ##
## ----------- ##

configure:1702: checking whether make sets $(MAKE)
configure:1724: result: yes
configure:1776: checking for a BSD-compatible install
configure:1844: result: /usr/bin/install -c
configure:1857: checking for makeinfo
configure:1873: found /usr/bin/makeinfo
configure:1885: result: makeinfo
configure:1895: checking for texi2dvi
configure:1911: found /usr/bin/texi2dvi
configure:1923: result: texi2dvi
configure:1933: checking for ptex
configure:1949: found /usr/local/texlive/2011/bin/universal-darwin/ptex
configure:1961: result: ptex
configure:1971: checking for jbibtex
configure:1999: result: false
configure:2009: checking for dvipdfmx
configure:2025: found /usr/local/texlive/2011/bin/universal-darwin/dvipdfmx
configure:2037: result: dvipdfmx
configure:2047: checking for texi2pdf
configure:2063: found /usr/bin/texi2pdf
configure:2075: result: texi2pdf
configure:2087: checking for egrep
configure:2103: found /usr/bin/egrep
configure:2114: result: egrep
configure:2183: checking for /Applications/Emacs.app/Contents/MacOS/Emacs
configure:2214: result: /Applications/Emacs.app/Contents/MacOS/Emacs
configure:2376: checking what a flavor does /Applications/Emacs.app/Contents/MacOS/Emacs have
/Applications/Emacs.app/Contents/MacOS/Emacs -q -no-site-file -batch -eval '(let ((x (if (featurep (quote xemacs))
	"XEmacs"
      (concat "Emacs "
	      (mapconcat (function identity)
			 (nreverse
			  (cdr (nreverse
				(split-string emacs-version
					      (concat (vector 92 46))))))
			 "."))))) (write-region (format "%s" x) nil "./conftest-44615" nil 5))'
=> Emacs 24.3
configure:2420: result: Emacs 24.3
configure:2432: checking prefix for /Applications/Emacs.app/Contents/MacOS/Emacs
/Applications/Emacs.app/Contents/MacOS/Emacs -q -no-site-file -batch -eval '(let ((x (expand-file-name ".." invocation-directory))) (write-region (format "%s" x) nil "./conftest-44615" nil 5))'
=> /Applications/Emacs.app/Contents
configure:2463: result: /Applications/Emacs.app/Contents
configure:2471: checking where lisp files should go
configure:2493: result: ~/emacs.d/site-lisp/
configure:2655: checking where icon files should go
/Applications/Emacs.app/Contents/MacOS/Emacs -q -no-site-file -batch -eval '(let ((x (let ((prefix "/Applications/Emacs.app/Contents")	      (default (expand-file-name "images/w3m" data-directory)))	  (if (and prefix		   (progn		     (setq prefix (file-name-as-directory prefix))		     (eq 0 (string-match (regexp-quote prefix) default))))	      (replace-match "$(prefix)/" nil nil default)	    default)))) (write-region (format "%s" x) nil "./conftest-44615" nil 5))'
=> $(prefix)/Resources/etc/images/w3m
configure:2699: result: $(prefix)/Resources/etc/images/w3m
configure:2895: creating ./config.status

## ---------------------- ##
## Running config.status. ##
## ---------------------- ##

This file was extended by config.status, which was
generated by GNU Autoconf 2.69.  Invocation command line was

  CONFIG_FILES    = 
  CONFIG_HEADERS  = 
  CONFIG_LINKS    = 
  CONFIG_COMMANDS = 
  $ ./config.status 

on sbmba

config.status:731: creating Makefile
config.status:731: creating doc/Makefile

## ---------------- ##
## Cache variables. ##
## ---------------- ##

EMACS_cv_SYS_flavor='Emacs 24.3'
EMACS_cv_SYS_icondir='$(prefix)/Resources/etc/images/w3m'
EMACS_cv_SYS_prefix=/Applications/Emacs.app/Contents
ac_cv_env_build_alias_set=
ac_cv_env_build_alias_value=
ac_cv_env_host_alias_set=
ac_cv_env_host_alias_value=
ac_cv_env_target_alias_set=
ac_cv_env_target_alias_value=
ac_cv_path_EMACS=/Applications/Emacs.app/Contents/MacOS/Emacs
ac_cv_path_install='/usr/bin/install -c'
ac_cv_prog_DVIPDFMX=dvipdfmx
ac_cv_prog_EGREP=egrep
ac_cv_prog_JBIBTEX=false
ac_cv_prog_MAKEINFO=makeinfo
ac_cv_prog_PTEX=ptex
ac_cv_prog_TEXI2DVI=texi2dvi
ac_cv_prog_TEXI2PDF=texi2pdf
ac_cv_prog_make_make_set=yes

## ----------------- ##
## Output variables. ##
## ----------------- ##

ADDITIONAL_LOAD_PATH='NONE'
DEFS='-DPACKAGE_NAME=\"\" -DPACKAGE_TARNAME=\"\" -DPACKAGE_VERSION=\"\" -DPACKAGE_STRING=\"\" -DPACKAGE_BUGREPORT=\"\" -DPACKAGE_URL=\"\"'
DVIPDFMX='dvipdfmx'
ECHO_C='\c'
ECHO_N=''
ECHO_T=''
EGREP='egrep'
EMACS='/Applications/Emacs.app/Contents/MacOS/Emacs'
ICONDIR='$(prefix)/Resources/etc/images/w3m'
INSTALL_DATA='${INSTALL} -m 644'
INSTALL_PROGRAM='${INSTALL}'
INSTALL_SCRIPT='${INSTALL}'
JBIBTEX='false'
LIBOBJS=''
LIBS=''
LTLIBOBJS=''
MAKEINFO='makeinfo'
PACKAGEDIR='NONE'
PACKAGE_BUGREPORT=''
PACKAGE_NAME=''
PACKAGE_STRING=''
PACKAGE_TARNAME=''
PACKAGE_URL=''
PACKAGE_VERSION=''
PATH_SEPARATOR=':'
PTEX='ptex'
SET_MAKE=''
SHELL='/bin/sh'
TEXI2DVI='texi2dvi'
TEXI2PDF='texi2pdf'
VANILLA_FLAG='-q -no-site-file'
XEMACSDEBUG=''
bindir='${exec_prefix}/bin'
build_alias=''
datadir='${datarootdir}'
datarootdir='${prefix}/share'
docdir='${datarootdir}/doc/${PACKAGE}'
dvidir='${docdir}'
exec_prefix='${prefix}'
host_alias=''
htmldir='${docdir}'
includedir='${prefix}/include'
infodir='${datarootdir}/info'
libdir='${exec_prefix}/lib'
libexecdir='${exec_prefix}/libexec'
lispdir='~/emacs.d/site-lisp'
localedir='${datarootdir}/locale'
localstatedir='${prefix}/var'
mandir='${datarootdir}/man'
oldincludedir='/usr/include'
pdfdir='${docdir}'
prefix='/Applications/Emacs.app/Contents'
program_transform_name='s,x,x,'
psdir='${docdir}'
sbindir='${exec_prefix}/sbin'
sharedstatedir='${prefix}/com'
sysconfdir='${prefix}/etc'
target_alias=''

## ----------- ##
## confdefs.h. ##
## ----------- ##

/* confdefs.h */
#define PACKAGE_NAME ""
#define PACKAGE_TARNAME ""
#define PACKAGE_VERSION ""
#define PACKAGE_STRING ""
#define PACKAGE_BUGREPORT ""
#define PACKAGE_URL ""

configure: exit 0
